<?xml version="1.0" encoding="UTF-8"?>
<testsuite xmlns:xsi="http://www.w3.org/2001/XMLSchema-instance" xsi:noNamespaceSchemaLocation="https://maven.apache.org/surefire/maven-surefire-plugin/xsd/surefire-test-report.xsd" version="3.0.2" name="TestSuite" time="2.496" tests="44" errors="0" skipped="0" failures="0">
  <properties>
    <property name="java.specification.version" value="21"/>
    <property name="sun.cpu.isalist" value="amd64"/>
    <property name="sun.jnu.encoding" value="Cp1251"/>
    <property name="java.class.path" value="C:\Users\DPinegina\IdeaProjects\courseWork2\target\test-classes;C:\Users\DPinegina\IdeaProjects\courseWork2\target\classes;C:\Users\DPinegina\.m2\repository\org\testng\testng\7.10.2\testng-7.10.2.jar;C:\Users\DPinegina\.m2\repository\com\beust\jcommander\1.82\jcommander-1.82.jar;C:\Users\DPinegina\.m2\repository\org\webjars\jquery\3.7.1\jquery-3.7.1.jar;C:\Users\DPinegina\.m2\repository\org\aspectj\aspectjweaver\1.9.22.1\aspectjweaver-1.9.22.1.jar;C:\Users\DPinegina\.m2\repository\org\assertj\assertj-core\3.27.3\assertj-core-3.27.3.jar;C:\Users\DPinegina\.m2\repository\net\bytebuddy\byte-buddy\1.15.11\byte-buddy-1.15.11.jar;C:\Users\DPinegina\.m2\repository\com\github\javafaker\javafaker\1.0.2\javafaker-1.0.2.jar;C:\Users\DPinegina\.m2\repository\org\yaml\snakeyaml\1.23\snakeyaml-1.23-android.jar;C:\Users\DPinegina\.m2\repository\com\github\mifmif\generex\1.0.2\generex-1.0.2.jar;C:\Users\DPinegina\.m2\repository\dk\brics\automaton\automaton\1.11-8\automaton-1.11-8.jar;C:\Users\DPinegina\.m2\repository\io\qameta\allure\allure-testng\2.29.1\allure-testng-2.29.1.jar;C:\Users\DPinegina\.m2\repository\io\qameta\allure\allure-java-commons\2.29.1\allure-java-commons-2.29.1.jar;C:\Users\DPinegina\.m2\repository\io\qameta\allure\allure-model\2.29.1\allure-model-2.29.1.jar;C:\Users\DPinegina\.m2\repository\io\qameta\allure\allure-test-filter\2.29.1\allure-test-filter-2.29.1.jar;C:\Users\DPinegina\.m2\repository\org\apache\commons\commons-lang3\3.17.0\commons-lang3-3.17.0.jar;C:\Users\DPinegina\.m2\repository\org\slf4j\slf4j-api\2.0.9\slf4j-api-2.0.9.jar;C:\Users\DPinegina\.m2\repository\ch\qos\logback\logback-classic\1.4.12\logback-classic-1.4.12.jar;C:\Users\DPinegina\.m2\repository\ch\qos\logback\logback-core\1.4.12\logback-core-1.4.12.jar;"/>
    <property name="java.vm.vendor" value="Oracle Corporation"/>
    <property name="regress.xml" value="true"/>
    <property name="sun.arch.data.model" value="64"/>
    <property name="user.variant" value=""/>
    <property name="java.vendor.url" value="https://java.oracle.com/"/>
    <property name="user.timezone" value="Europe/Moscow"/>
    <property name="os.name" value="Windows 10"/>
    <property name="java.vm.specification.version" value="21"/>
    <property name="sun.java.launcher" value="SUN_STANDARD"/>
    <property name="user.country" value="RU"/>
    <property name="sun.boot.library.path" value="C:\Program Files\Java\jdk-21\bin"/>
    <property name="sun.java.command" value="C:\Users\DPinegina\AppData\Local\Temp\surefire10131486927921356767\surefirebooter-20250225165905781_3.jar C:\Users\DPinegina\AppData\Local\Temp\surefire10131486927921356767 2025-02-25T16-59-05_650-jvmRun1 surefire-20250225165905781_1tmp surefire_0-20250225165905781_2tmp"/>
    <property name="jdk.debug" value="release"/>
    <property name="surefire.test.class.path" value="C:\Users\DPinegina\IdeaProjects\courseWork2\target\test-classes;C:\Users\DPinegina\IdeaProjects\courseWork2\target\classes;C:\Users\DPinegina\.m2\repository\org\testng\testng\7.10.2\testng-7.10.2.jar;C:\Users\DPinegina\.m2\repository\com\beust\jcommander\1.82\jcommander-1.82.jar;C:\Users\DPinegina\.m2\repository\org\webjars\jquery\3.7.1\jquery-3.7.1.jar;C:\Users\DPinegina\.m2\repository\org\aspectj\aspectjweaver\1.9.22.1\aspectjweaver-1.9.22.1.jar;C:\Users\DPinegina\.m2\repository\org\assertj\assertj-core\3.27.3\assertj-core-3.27.3.jar;C:\Users\DPinegina\.m2\repository\net\bytebuddy\byte-buddy\1.15.11\byte-buddy-1.15.11.jar;C:\Users\DPinegina\.m2\repository\com\github\javafaker\javafaker\1.0.2\javafaker-1.0.2.jar;C:\Users\DPinegina\.m2\repository\org\yaml\snakeyaml\1.23\snakeyaml-1.23-android.jar;C:\Users\DPinegina\.m2\repository\com\github\mifmif\generex\1.0.2\generex-1.0.2.jar;C:\Users\DPinegina\.m2\repository\dk\brics\automaton\automaton\1.11-8\automaton-1.11-8.jar;C:\Users\DPinegina\.m2\repository\io\qameta\allure\allure-testng\2.29.1\allure-testng-2.29.1.jar;C:\Users\DPinegina\.m2\repository\io\qameta\allure\allure-java-commons\2.29.1\allure-java-commons-2.29.1.jar;C:\Users\DPinegina\.m2\repository\io\qameta\allure\allure-model\2.29.1\allure-model-2.29.1.jar;C:\Users\DPinegina\.m2\repository\io\qameta\allure\allure-test-filter\2.29.1\allure-test-filter-2.29.1.jar;C:\Users\DPinegina\.m2\repository\org\apache\commons\commons-lang3\3.17.0\commons-lang3-3.17.0.jar;C:\Users\DPinegina\.m2\repository\org\slf4j\slf4j-api\2.0.9\slf4j-api-2.0.9.jar;C:\Users\DPinegina\.m2\repository\ch\qos\logback\logback-classic\1.4.12\logback-classic-1.4.12.jar;C:\Users\DPinegina\.m2\repository\ch\qos\logback\logback-core\1.4.12\logback-core-1.4.12.jar;"/>
    <property name="sun.cpu.endian" value="little"/>
    <property name="user.home" value="C:\Users\DPinegina"/>
    <property name="user.language" value="ru"/>
    <property name="java.specification.vendor" value="Oracle Corporation"/>
    <property name="java.version.date" value="2023-09-19"/>
    <property name="java.home" value="C:\Program Files\Java\jdk-21"/>
    <property name="file.separator" value="\"/>
    <property name="basedir" value="C:\Users\DPinegina\IdeaProjects\courseWork2"/>
    <property name="java.vm.compressedOopsMode" value="Zero based"/>
    <property name="line.separator" value="&#10;"/>
    <property name="java.vm.specification.vendor" value="Oracle Corporation"/>
    <property name="java.specification.name" value="Java Platform API Specification"/>
    <property name="surefire.real.class.path" value="C:\Users\DPinegina\AppData\Local\Temp\surefire10131486927921356767\surefirebooter-20250225165905781_3.jar"/>
    <property name="user.script" value=""/>
    <property name="sun.management.compiler" value="HotSpot 64-Bit Tiered Compilers"/>
    <property name="java.runtime.version" value="21+35-2513"/>
    <property name="user.name" value="DPinegina"/>
    <property name="stdout.encoding" value="Cp1251"/>
    <property name="path.separator" value=";"/>
    <property name="os.version" value="10.0"/>
    <property name="java.runtime.name" value="OpenJDK Runtime Environment"/>
    <property name="file.encoding" value="UTF-8"/>
    <property name="allure.result.directory" value="C:\Users\DPinegina\IdeaProjects\courseWork2\target/allure-results"/>
    <property name="java.vm.name" value="OpenJDK 64-Bit Server VM"/>
    <property name="localRepository" value="C:\Users\DPinegina\.m2\repository"/>
    <property name="java.vendor.url.bug" value="https://bugreport.java.com/bugreport/"/>
    <property name="java.io.tmpdir" value="C:\Users\DPINEG~1\AppData\Local\Temp\"/>
    <property name="idea.version" value="2024.3.1.1"/>
    <property name="java.version" value="21"/>
    <property name="user.dir" value="C:\Users\DPinegina\IdeaProjects\courseWork2"/>
    <property name="os.arch" value="amd64"/>
    <property name="java.vm.specification.name" value="Java Virtual Machine Specification"/>
    <property name="sun.os.patch.level" value=""/>
    <property name="native.encoding" value="Cp1251"/>
    <property name="java.library.path" value="C:\Program Files\Java\jdk-21\bin;C:\windows\Sun\Java\bin;C:\windows\system32;C:\windows;C:\windows\system32;C:\windows;C:\windows\System32\Wbem;C:\windows\System32\WindowsPowerShell\v1.0\;C:\windows\System32\OpenSSH\;C:\Program Files\dotnet\;C:\Program Files\Java\jdk-21\bin;C:\Program Files\Git\cmd;C:\Users\DPinegina\AppData\Local\Microsoft\WindowsApps;;."/>
    <property name="java.vm.info" value="mixed mode, sharing"/>
    <property name="stderr.encoding" value="Cp1251"/>
    <property name="java.vendor" value="Oracle Corporation"/>
    <property name="java.vm.version" value="21+35-2513"/>
    <property name="sun.io.unicode.encoding" value="UnicodeLittle"/>
    <property name="java.class.version" value="65.0"/>
  </properties>
  <testcase name="testAddMultipleSurvivors" classname="ru.sportmaster.testng.AddSurvivor" time="0.285">
    <system-out><![CDATA[2025-02-25 16:59:06 DEBUG org.testng.TestNG - suiteXmlPath: "C:\Users\DPinegina\IdeaProjects\courseWork2\src\test\resources\regress.xml"
]]></system-out>
  </testcase>
  <testcase name="testAddNullSurvivor" classname="ru.sportmaster.testng.AddSurvivor" time="0.015"/>
  <testcase name="testAddSurvivor" classname="ru.sportmaster.testng.AddSurvivor" time="0.0"/>
  <testcase name="testAddNullSurvivor" classname="ru.sportmaster.testng.AddSurvivorNull" time="0.0"/>
  <testcase name="testCalculateFoodDays_EnoughFood" classname="ru.sportmaster.testng.CalculateFoodDays" time="0.016"/>
  <testcase name="testCalculateFoodDays_NoFood" classname="ru.sportmaster.testng.CalculateFoodDays" time="0.006"/>
  <testcase name="testCollectMultiplyResources_WithScavengers" classname="ru.sportmaster.testng.CollectMultiplyResources" time="0.0"/>
  <testcase name="testCollectMultiplyResources_WithWorkers" classname="ru.sportmaster.testng.CollectMultiplyResourcesCertainScavengers" time="0.016"/>
  <testcase name="testCollectResources_WithScavengers" classname="ru.sportmaster.testng.CollectResources" time="0.0"/>
  <testcase name="testCollectResources_WithWorkers" classname="ru.sportmaster.testng.CollectResourcesCertainScavengers" time="0.015"/>
  <testcase name="testGenerateRandomCity_EmptyCity" classname="ru.sportmaster.testng.GenerateRandomCity" time="0.069"/>
  <testcase name="testGenerateRandomCity_MultipleSurvivors" classname="ru.sportmaster.testng.GenerateRandomCity" time="0.148"/>
  <testcase name="testGenerateRandomCity_SingleSurvivor" classname="ru.sportmaster.testng.GenerateRandomCity" time="0.0"/>
  <testcase name="testGenerateRandomCity_SurvivorsAreValid" classname="ru.sportmaster.testng.GenerateRandomCity" time="0.015"/>
  <testcase name="testGenerateRandomResources_MultipleCalls" classname="ru.sportmaster.testng.GenerateRandomResources" time="0.016"/>
  <testcase name="testGenerateRandomResources_ResourcesAreGenerated" classname="ru.sportmaster.testng.GenerateRandomResources" time="0.015"/>
  <testcase name="testGenerateRandomSurvivor_AgeIsValid" classname="ru.sportmaster.testng.GenerateRandomSurvivor" time="0.0"/>
  <testcase name="testGenerateRandomSurvivor_NameIsValid" classname="ru.sportmaster.testng.GenerateRandomSurvivor" time="0.007"/>
  <testcase name="testGenerateRandomSurvivor_RoleIsValid" classname="ru.sportmaster.testng.GenerateRandomSurvivor" time="0.0"/>
  <testcase name="checkGetAllMedic" classname="ru.sportmaster.testng.GetAllMedic" time="0.0"/>
  <testcase name="checkGetAllMedicNoMedic" classname="ru.sportmaster.testng.GetAllMedic" time="0.0"/>
  <testcase name="checkGetAllMedicFromEmptyList" classname="ru.sportmaster.testng.GetAllMedicEmpty" time="0.0"/>
  <testcase name="checkGetAllSoldier" classname="ru.sportmaster.testng.GetAllSoldier" time="0.0"/>
  <testcase name="checkGetAllSoldierNoSoldier" classname="ru.sportmaster.testng.GetAllSoldier" time="0.015"/>
  <testcase name="checkGetAllSoldierFromEmptyList" classname="ru.sportmaster.testng.GetAllSoldierEmpty" time="0.0"/>
  <testcase name="checkGetAllWorker" classname="ru.sportmaster.testng.GetAllWorker" time="0.0"/>
  <testcase name="checkGetAllWorkerNoWorker" classname="ru.sportmaster.testng.GetAllWorker" time="0.0"/>
  <testcase name="checkGetAllWorkerFromEmptyList" classname="ru.sportmaster.testng.GetAllWorkerEmpty" time="0.0"/>
  <testcase name="testGetResourceWithLowestStock_AllResourcesEqual" classname="ru.sportmaster.testng.GetResourceWithLowestStock" time="0.0"/>
  <testcase name="testGetResourceWithLowestStock_CustomResources" classname="ru.sportmaster.testng.GetResourceWithLowestStock" time="0.0"/>
  <testcase name="testGetResourceWithLowestStock_MultipleResources" classname="ru.sportmaster.testng.GetResourceWithLowestStock" time="0.016"/>
  <testcase name="testGetResourceWithLowestStock_SingleResource" classname="ru.sportmaster.testng.GetResourceWithLowestStock" time="0.0"/>
  <testcase name="checkOldestSurvivor" classname="ru.sportmaster.testng.OldestSurvivor" time="0.0"/>
  <testcase name="checkOldestSurvivorEmptyList" classname="ru.sportmaster.testng.OldestSurvivor" time="0.015"/>
  <testcase name="checkOldestSurvivorSingleSurvivor" classname="ru.sportmaster.testng.OldestSurvivor" time="0.0"/>
  <testcase name="testGetResourcesReport_EmptyResources" classname="ru.sportmaster.testng.ReportResources" time="0.0"/>
  <testcase name="testGetResourcesReport_MultipleResources" classname="ru.sportmaster.testng.ReportResources" time="0.0"/>
  <testcase name="testGetResourcesReport_SingleResource" classname="ru.sportmaster.testng.ReportResources" time="0.016"/>
  <testcase name="checkYoungestSurvivor[[LcourseWork2.Survivor;@1002d1c8, Survivor{name=&apos;Alex Russo&apos;, age=3}](1)" classname="ru.sportmaster.testng.YoungestSurvivor" time="0.038"/>
  <testcase name="checkYoungestSurvivor[[LcourseWork2.Survivor;@7c8f803d, Survivor{name=&apos;Jane Smith&apos;, age=10}](2)" classname="ru.sportmaster.testng.YoungestSurvivor" time="0.0"/>
  <testcase name="checkYoungestSurvivor[[LcourseWork2.Survivor;@52963839, Survivor{name=&apos;Baby&apos;, age=0}](3)" classname="ru.sportmaster.testng.YoungestSurvivor" time="0.015"/>
  <testcase name="checkYoungestSurvivor[[LcourseWork2.Survivor;@1734b1a, Survivor{name=&apos;Alex Russo&apos;, age=25}](4)" classname="ru.sportmaster.testng.YoungestSurvivor" time="0.0"/>
  <testcase name="checkYoungestSurvivorEmptyList" classname="ru.sportmaster.testng.YoungestSurvivor" time="0.0"/>
  <testcase name="checkYoungestSurvivorSingleSurvivor" classname="ru.sportmaster.testng.YoungestSurvivor" time="0.016"/>
</testsuite>