<?xml version="1.0" encoding="UTF-8"?>
<!-- Generated by org.testng.reporters.JUnitReportReporter -->
<testsuite hostname="DPINEGINA-NB" failures="0" tests="2" name="ru.sportmaster.testng.GenerateRandomResources" time="0.016" errors="0" timestamp="2025-02-25T16:59:08 MSK" skipped="0">
  <testcase classname="ru.sportmaster.testng.GenerateRandomResources" name="testGenerateRandomResources_ResourcesAreGenerated" time="0.000"/>
  <testcase classname="ru.sportmaster.testng.GenerateRandomResources" name="testGenerateRandomResources_MultipleCalls" time="0.016"/>
</testsuite> <!-- ru.sportmaster.testng.GenerateRandomResources -->
