<?xml version="1.0" encoding="UTF-8"?>
<!-- Generated by org.testng.reporters.JUnitReportReporter -->
<testsuite hostname="DPINEGINA-NB" failures="0" tests="3" name="ru.sportmaster.testng.GenerateRandomSurvivor" time="0.007" errors="0" timestamp="2025-02-25T16:59:09 MSK" skipped="0">
  <testcase classname="ru.sportmaster.testng.GenerateRandomSurvivor" name="testGenerateRandomSurvivor_AgeIsValid" time="0.000"/>
  <testcase classname="ru.sportmaster.testng.GenerateRandomSurvivor" name="testGenerateRandomSurvivor_RoleIsValid" time="0.000"/>
  <testcase classname="ru.sportmaster.testng.GenerateRandomSurvivor" name="testGenerateRandomSurvivor_NameIsValid" time="0.007"/>
</testsuite> <!-- ru.sportmaster.testng.GenerateRandomSurvivor -->
