<?xml version="1.0" encoding="UTF-8"?>
<!-- Generated by org.testng.reporters.JUnitReportReporter -->
<testsuite hostname="DPINEGINA-NB" failures="0" tests="4" name="ru.sportmaster.testng.GetResourceWithLowestStock" time="0.016" errors="0" timestamp="2025-02-25T16:59:09 MSK" skipped="0">
  <testcase classname="ru.sportmaster.testng.GetResourceWithLowestStock" name="testGetResourceWithLowestStock_SingleResource" time="0.000"/>
  <testcase classname="ru.sportmaster.testng.GetResourceWithLowestStock" name="testGetResourceWithLowestStock_AllResourcesEqual" time="0.000"/>
  <testcase classname="ru.sportmaster.testng.GetResourceWithLowestStock" name="testGetResourceWithLowestStock_MultipleResources" time="0.016"/>
  <testcase classname="ru.sportmaster.testng.GetResourceWithLowestStock" name="testGetResourceWithLowestStock_CustomResources" time="0.000"/>
</testsuite> <!-- ru.sportmaster.testng.GetResourceWithLowestStock -->
