<?xml version="1.0" encoding="UTF-8"?>
<!-- Generated by org.testng.reporters.JUnitReportReporter -->
<testsuite hostname="DPINEGINA-NB" failures="0" tests="3" name="ru.sportmaster.testng.ReportResources" time="0.000" errors="0" timestamp="2025-02-25T16:59:08 MSK" skipped="0">
  <testcase classname="ru.sportmaster.testng.ReportResources" name="testGetResourcesReport_SingleResource" time="0.000"/>
  <testcase classname="ru.sportmaster.testng.ReportResources" name="testGetResourcesReport_MultipleResources" time="0.000"/>
  <testcase classname="ru.sportmaster.testng.ReportResources" name="testGetResourcesReport_EmptyResources" time="0.000"/>
</testsuite> <!-- ru.sportmaster.testng.ReportResources -->
