<?xml version="1.0" encoding="UTF-8"?>
<!-- Generated by org.testng.reporters.JUnitReportReporter -->
<testsuite hostname="DPINEGINA-NB" failures="0" tests="1" name="ru.sportmaster.testng.CollectResources" time="0.000" errors="0" timestamp="2025-02-25T16:59:09 MSK" skipped="0">
  <testcase classname="ru.sportmaster.testng.CollectResources" name="testCollectResources_WithScavengers" time="0.000"/>
</testsuite> <!-- ru.sportmaster.testng.CollectResources -->
