<?xml version="1.0" encoding="UTF-8"?>
<!-- Generated by org.testng.reporters.JUnitReportReporter -->
<testsuite hostname="DPINEGINA-NB" failures="0" tests="6" name="ru.sportmaster.testng.YoungestSurvivor" time="0.054" errors="0" timestamp="2025-02-25T16:59:09 MSK" skipped="0">
  <testcase classname="ru.sportmaster.testng.YoungestSurvivor" name="checkYoungestSurvivorSingleSurvivor" time="0.016"/>
  <testcase classname="ru.sportmaster.testng.YoungestSurvivor" name="checkYoungestSurvivor" time="0.000"/>
  <testcase classname="ru.sportmaster.testng.YoungestSurvivor" name="checkYoungestSurvivor" time="0.000"/>
  <testcase classname="ru.sportmaster.testng.YoungestSurvivor" name="checkYoungestSurvivor" time="0.038"/>
  <testcase classname="ru.sportmaster.testng.YoungestSurvivor" name="checkYoungestSurvivor" time="0.000"/>
  <testcase classname="ru.sportmaster.testng.YoungestSurvivor" name="checkYoungestSurvivorEmptyList" time="0.000"/>
</testsuite> <!-- ru.sportmaster.testng.YoungestSurvivor -->
