<?xml version="1.0" encoding="UTF-8"?>
<!-- Generated by org.testng.reporters.JUnitReportReporter -->
<testsuite hostname="DPINEGINA-NB" failures="0" tests="4" name="ru.sportmaster.testng.GenerateRandomCity" time="0.226" errors="0" timestamp="2025-02-25T16:59:09 MSK" skipped="0">
  <testcase classname="ru.sportmaster.testng.GenerateRandomCity" name="testGenerateRandomCity_SurvivorsAreValid" time="0.015"/>
  <testcase classname="ru.sportmaster.testng.GenerateRandomCity" name="testGenerateRandomCity_SingleSurvivor" time="0.000"/>
  <testcase classname="ru.sportmaster.testng.GenerateRandomCity" name="testGenerateRandomCity_EmptyCity" time="0.063"/>
  <testcase classname="ru.sportmaster.testng.GenerateRandomCity" name="testGenerateRandomCity_MultipleSurvivors" time="0.148"/>
</testsuite> <!-- ru.sportmaster.testng.GenerateRandomCity -->
