<?xml version="1.0" encoding="UTF-8"?>
<!-- Generated by org.testng.reporters.JUnitReportReporter -->
<testsuite hostname="DPINEGINA-NB" failures="0" tests="3" name="ru.sportmaster.testng.AddSurvivor" time="0.300" errors="0" timestamp="2025-02-25T16:59:09 MSK" skipped="0">
  <testcase classname="ru.sportmaster.testng.AddSurvivor" name="testAddSurvivor" time="0.000"/>
  <testcase classname="ru.sportmaster.testng.AddSurvivor" name="testAddNullSurvivor" time="0.031"/>
  <testcase classname="ru.sportmaster.testng.AddSurvivor" name="testAddMultipleSurvivors" time="0.269"/>
</testsuite> <!-- ru.sportmaster.testng.AddSurvivor -->
