<?xml version="1.0" encoding="UTF-8"?>
<!-- Generated by org.testng.reporters.JUnitReportReporter -->
<testsuite hostname="DPINEGINA-NB" failures="0" tests="2" name="ru.sportmaster.testng.CalculateFoodDays" time="0.000" errors="0" timestamp="2025-02-25T16:59:09 MSK" skipped="0">
  <testcase classname="ru.sportmaster.testng.CalculateFoodDays" name="testCalculateFoodDays_NoFood" time="0.000"/>
  <testcase classname="ru.sportmaster.testng.CalculateFoodDays" name="testCalculateFoodDays_EnoughFood" time="0.000"/>
</testsuite> <!-- ru.sportmaster.testng.CalculateFoodDays -->
